Dropbox/PC/Downloads/androidapp-master/androidapp-master/app/build/intermediates/manifest_merge_blame_file/release/manifest-merger-blame-release-report.txt
1<?xml version="1.0" encoding="utf-8"?>
2<manifest xmlns:android="http://schemas.android.com/apk/res/android"
3    package="com.example.apptela"
4    android:versionCode="1"
5    android:versionName="1.0" >
6
7    <uses-sdk
8        android:minSdkVersion="21"
8-->src\main\AndroidManifest.xml
9        android:targetSdkVersion="31" />
9-->src\main\AndroidManifest.xml
10
11    <application
11-->src\main\AndroidManifest.xml:6:5-56:19
12        android:allowBackup="true"
12-->src\main\AndroidManifest.xml:7:9-35
13        android:appComponentFactory="androidx.core.app.CoreComponentFactory"
13-->[androidx.core:core:1.5.0] AndroidManifest.xml:24:18-86
14        android:icon="@drawable/dente"
14-->src\main\AndroidManifest.xml:8:9-39
15        android:label="@string/app_name"
15-->src\main\AndroidManifest.xml:9:9-41
16        android:roundIcon="@drawable/dente"
16-->src\main\AndroidManifest.xml:10:9-44
17        android:supportsRtl="true"
17-->src\main\AndroidManifest.xml:11:9-35
18        android:theme="@style/Theme.AppTela" >
18-->src\main\AndroidManifest.xml:12:9-45
19        <activity
19-->src\main\AndroidManifest.xml:14:9-17:51
20            android:name="com.example.apptela.NonaActivity"
20-->src\main\AndroidManifest.xml:15:13-41
21            android:exported="true"
21-->src\main\AndroidManifest.xml:16:13-36
22            android:screenOrientation="portrait" />
22-->src\main\AndroidManifest.xml:17:13-49
23        <activity
23-->src\main\AndroidManifest.xml:18:9-21:51
24            android:name="com.example.apptela.OitavaActivity"
24-->src\main\AndroidManifest.xml:19:13-43
25            android:exported="true"
25-->src\main\AndroidManifest.xml:20:13-36
26            android:screenOrientation="portrait" />
26-->src\main\AndroidManifest.xml:21:13-49
27        <activity
27-->src\main\AndroidManifest.xml:22:9-25:51
28            android:name="com.example.apptela.SetimaActivity"
28-->src\main\AndroidManifest.xml:23:13-43
29            android:exported="true"
29-->src\main\AndroidManifest.xml:24:13-36
30            android:screenOrientation="portrait" />
30-->src\main\AndroidManifest.xml:25:13-49
31        <activity
31-->src\main\AndroidManifest.xml:26:9-29:51
32            android:name="com.example.apptela.SextaActivity"
32-->src\main\AndroidManifest.xml:27:13-42
33            android:exported="true"
33-->src\main\AndroidManifest.xml:28:13-36
34            android:screenOrientation="portrait" />
34-->src\main\AndroidManifest.xml:29:13-49
35        <activity
35-->src\main\AndroidManifest.xml:30:9-33:51
36            android:name="com.example.apptela.QuintaActivity"
36-->src\main\AndroidManifest.xml:31:13-43
37            android:exported="true"
37-->src\main\AndroidManifest.xml:32:13-36
38            android:screenOrientation="portrait" />
38-->src\main\AndroidManifest.xml:33:13-49
39        <activity
39-->src\main\AndroidManifest.xml:34:9-37:51
40            android:name="com.example.apptela.QuartaActivity"
40-->src\main\AndroidManifest.xml:35:13-43
41            android:exported="true"
41-->src\main\AndroidManifest.xml:36:13-36
42            android:screenOrientation="portrait" />
42-->src\main\AndroidManifest.xml:37:13-49
43        <activity
43-->src\main\AndroidManifest.xml:38:9-41:51
44            android:name="com.example.apptela.TerceiraActivity"
44-->src\main\AndroidManifest.xml:39:13-45
45            android:exported="true"
45-->src\main\AndroidManifest.xml:40:13-36
46            android:screenOrientation="portrait" />
46-->src\main\AndroidManifest.xml:41:13-49
47        <activity
47-->src\main\AndroidManifest.xml:42:9-45:52
48            android:name="com.example.apptela.SegundaActivity"
48-->src\main\AndroidManifest.xml:43:13-44
49            android:exported="true"
49-->src\main\AndroidManifest.xml:44:13-36
50            android:screenOrientation="portrait" />
50-->src\main\AndroidManifest.xml:45:13-49
51        <activity
51-->src\main\AndroidManifest.xml:46:9-55:20
52            android:name="com.example.apptela.MainActivity"
52-->src\main\AndroidManifest.xml:47:13-41
53            android:exported="true"
53-->src\main\AndroidManifest.xml:48:13-36
54            android:screenOrientation="portrait" >
54-->src\main\AndroidManifest.xml:49:13-49
55            <intent-filter>
55-->src\main\AndroidManifest.xml:50:13-54:29
56                <action android:name="android.intent.action.MAIN" />
56-->src\main\AndroidManifest.xml:51:17-69
56-->src\main\AndroidManifest.xml:51:25-66
57
58                <category android:name="android.intent.category.LAUNCHER" />
58-->src\main\AndroidManifest.xml:53:17-77
58-->src\main\AndroidManifest.xml:53:27-74
59            </intent-filter>
60        </activity>
61    </application>
62
63</manifest>